[2025-09-05 23:14:31.102] [info]  DiscordSplash.signalReady
[2025-09-05 23:14:31.795] [info]  DiscordSplash.onStateUpdate: {"status":"installing-updates","current":1,"total":6}
[2025-09-05 23:14:31.797] [info]  Splash.onStateUpdate: {"status":"installing-updates","current":1,"total":6}
[2025-09-05 23:14:31.801] [info]  DiscordSplash.onStateUpdate: {"status":"installing-updates","current":2,"total":6}
[2025-09-05 23:14:31.802] [info]  Splash.onStateUpdate: {"status":"installing-updates","current":2,"total":6}
[2025-09-05 23:14:31.803] [info]  DiscordSplash.onStateUpdate: {"status":"installing-updates","current":3,"total":6}
[2025-09-05 23:14:31.804] [info]  Splash.onStateUpdate: {"status":"installing-updates","current":3,"total":6}
[2025-09-05 23:14:31.805] [info]  DiscordSplash.onStateUpdate: {"status":"installing-updates","current":4,"total":6}
[2025-09-05 23:14:31.805] [info]  Splash.onStateUpdate: {"status":"installing-updates","current":4,"total":6}
[2025-09-05 23:14:31.806] [info]  DiscordSplash.onStateUpdate: {"status":"installing-updates","current":5,"total":6}
[2025-09-05 23:14:31.807] [info]  Splash.onStateUpdate: {"status":"installing-updates","current":5,"total":6}
[2025-09-05 23:14:31.808] [info]  DiscordSplash.onStateUpdate: {"status":"installing-updates","current":6,"total":6}
[2025-09-05 23:14:31.808] [info]  Splash.onStateUpdate: {"status":"installing-updates","current":6,"total":6}
[2025-09-05 23:14:31.809] [info]  DiscordSplash.onStateUpdate: {"status":"checking-for-updates","current":6,"total":6}
[2025-09-05 23:14:31.810] [info]  Splash.onStateUpdate: {"status":"checking-for-updates","current":6,"total":6}
[2025-09-05 23:14:32.101] [info]  Splash.updateCountdownSeconds: undefined
[2025-09-05 23:14:32.248] [info]  DiscordSplash.onStateUpdate: {"status":"update-failure","current":6,"total":6,"seconds":10}
[2025-09-05 23:14:32.249] [info]  Splash.onStateUpdate: {"status":"update-failure","current":6,"total":6,"seconds":10}
[2025-09-16 13:49:03.045] [info]  DiscordSplash.signalReady
[2025-09-16 13:49:04.460] [info]  Splash.updateCountdownSeconds: undefined
[2025-09-16 13:49:04.463] [info]  DiscordSplash.onStateUpdate: {"status":"installing-updates","current":1,"total":6}
[2025-09-16 13:49:04.467] [info]  Splash.onStateUpdate: {"status":"installing-updates","current":1,"total":6}
[2025-09-16 13:49:04.480] [info]  DiscordSplash.onStateUpdate: {"status":"installing-updates","current":2,"total":6}
[2025-09-16 13:49:04.482] [info]  Splash.onStateUpdate: {"status":"installing-updates","current":2,"total":6}
[2025-09-16 13:49:04.484] [info]  DiscordSplash.onStateUpdate: {"status":"installing-updates","current":3,"total":6}
[2025-09-16 13:49:04.486] [info]  Splash.onStateUpdate: {"status":"installing-updates","current":3,"total":6}
[2025-09-16 13:49:04.487] [info]  DiscordSplash.onStateUpdate: {"status":"installing-updates","current":4,"total":6}
[2025-09-16 13:49:04.488] [info]  Splash.onStateUpdate: {"status":"installing-updates","current":4,"total":6}
[2025-09-16 13:49:04.490] [info]  DiscordSplash.onStateUpdate: {"status":"installing-updates","current":5,"total":6}
[2025-09-16 13:49:04.491] [info]  Splash.onStateUpdate: {"status":"installing-updates","current":5,"total":6}
[2025-09-16 13:49:04.492] [info]  DiscordSplash.onStateUpdate: {"status":"installing-updates","current":6,"total":6}
[2025-09-16 13:49:04.493] [info]  Splash.onStateUpdate: {"status":"installing-updates","current":6,"total":6}
[2025-09-16 13:49:04.494] [info]  DiscordSplash.onStateUpdate: {"status":"checking-for-updates","current":6,"total":6}
[2025-09-16 13:49:04.495] [info]  Splash.onStateUpdate: {"status":"checking-for-updates","current":6,"total":6}
[2025-09-16 13:49:04.497] [info]  DiscordSplash.onStateUpdate: {"status":"update-manually","current":6,"total":6,"newVersion":"0.0.110"}
[2025-09-16 13:49:04.498] [info]  Splash.onStateUpdate: {"status":"update-manually","current":6,"total":6,"newVersion":"0.0.110"}
[2025-09-16 13:49:05.043] [info]  Splash.updateCountdownSeconds: undefined
[2025-09-16 13:49:06.043] [info]  Splash.updateCountdownSeconds: undefined
[2025-09-16 13:49:07.043] [info]  Splash.updateCountdownSeconds: undefined
[2025-09-16 13:49:08.043] [info]  Splash.updateCountdownSeconds: undefined
[2025-09-16 13:49:09.043] [info]  Splash.updateCountdownSeconds: undefined
[2025-09-16 13:49:10.043] [info]  Splash.updateCountdownSeconds: undefined
[2025-09-16 13:49:11.043] [info]  Splash.updateCountdownSeconds: undefined
[2025-09-16 13:49:12.043] [info]  Splash.updateCountdownSeconds: undefined
[2025-09-16 13:49:13.043] [info]  Splash.updateCountdownSeconds: undefined
[2025-09-16 13:49:14.043] [info]  Splash.updateCountdownSeconds: undefined
[2025-09-16 13:49:15.043] [info]  Splash.updateCountdownSeconds: undefined
[2025-09-16 13:49:16.043] [info]  Splash.updateCountdownSeconds: undefined
[2025-09-16 13:49:17.043] [info]  Splash.updateCountdownSeconds: undefined
[2025-09-16 13:49:18.043] [info]  Splash.updateCountdownSeconds: undefined
[2025-09-16 13:49:19.043] [info]  Splash.updateCountdownSeconds: undefined
[2025-09-16 13:49:20.043] [info]  Splash.updateCountdownSeconds: undefined
[2025-09-16 13:49:21.043] [info]  Splash.updateCountdownSeconds: undefined
[2025-09-16 13:49:22.043] [info]  Splash.updateCountdownSeconds: undefined
[2025-09-16 13:49:23.043] [info]  Splash.updateCountdownSeconds: undefined
[2025-09-16 13:49:24.043] [info]  Splash.updateCountdownSeconds: undefined
[2025-09-16 13:49:25.044] [info]  Splash.updateCountdownSeconds: undefined
[2025-09-16 13:49:26.043] [info]  Splash.updateCountdownSeconds: undefined
[2025-09-16 13:49:27.043] [info]  Splash.updateCountdownSeconds: undefined
[2025-09-16 13:49:28.043] [info]  Splash.updateCountdownSeconds: undefined
[2025-09-16 13:49:29.043] [info]  Splash.updateCountdownSeconds: undefined
[2025-09-16 13:49:30.043] [info]  Splash.updateCountdownSeconds: undefined
[2025-09-16 13:49:31.043] [info]  Splash.updateCountdownSeconds: undefined
[2025-09-16 13:49:32.043] [info]  Splash.updateCountdownSeconds: undefined
[2025-09-16 13:49:33.043] [info]  Splash.updateCountdownSeconds: undefined
[2025-09-16 13:49:34.043] [info]  Splash.updateCountdownSeconds: undefined
[2025-09-16 13:49:35.043] [info]  Splash.updateCountdownSeconds: undefined
[2025-09-16 13:49:36.043] [info]  Splash.updateCountdownSeconds: undefined
[2025-09-16 13:49:37.043] [info]  Splash.updateCountdownSeconds: undefined
[2025-09-16 13:49:38.043] [info]  Splash.updateCountdownSeconds: undefined
[2025-09-16 13:49:39.043] [info]  Splash.updateCountdownSeconds: undefined
[2025-09-16 13:49:40.043] [info]  Splash.updateCountdownSeconds: undefined
[2025-09-16 13:49:41.043] [info]  Splash.updateCountdownSeconds: undefined
[2025-09-16 13:49:42.043] [info]  Splash.updateCountdownSeconds: undefined
[2025-09-16 13:49:43.043] [info]  Splash.updateCountdownSeconds: undefined
[2025-09-16 13:49:44.043] [info]  Splash.updateCountdownSeconds: undefined
[2025-09-16 13:49:45.043] [info]  Splash.updateCountdownSeconds: undefined
[2025-09-16 13:49:46.043] [info]  Splash.updateCountdownSeconds: undefined
[2025-09-16 13:49:47.043] [info]  Splash.updateCountdownSeconds: undefined
[2025-09-16 13:49:48.043] [info]  Splash.updateCountdownSeconds: undefined
[2025-09-16 13:49:49.043] [info]  Splash.updateCountdownSeconds: undefined
[2025-09-16 13:49:50.043] [info]  Splash.updateCountdownSeconds: undefined
[2025-09-16 13:49:51.043] [info]  Splash.updateCountdownSeconds: undefined
[2025-09-16 13:49:52.043] [info]  Splash.updateCountdownSeconds: undefined
[2025-09-16 13:49:53.043] [info]  Splash.updateCountdownSeconds: undefined
[2025-09-16 13:59:13.794] [info]  DiscordSplash.signalReady
[2025-09-16 13:59:13.882] [info]  DiscordSplash.onStateUpdate: {"status":"checking-for-updates"}
[2025-09-16 13:59:13.883] [info]  Splash.onStateUpdate: {"status":"checking-for-updates"}
[2025-09-16 13:59:14.727] [info]  DiscordSplash.onStateUpdate: {"status":"update-manually","newVersion":"0.0.110"}
[2025-09-16 13:59:14.728] [info]  Splash.onStateUpdate: {"status":"update-manually","newVersion":"0.0.110"}
[2025-09-16 13:59:14.794] [info]  Splash.updateCountdownSeconds: undefined
[2025-09-16 13:59:15.793] [info]  Splash.updateCountdownSeconds: undefined
[2025-09-16 13:59:16.793] [info]  Splash.updateCountdownSeconds: undefined
[2025-09-16 13:59:17.793] [info]  Splash.updateCountdownSeconds: undefined
