2025-09-03T20:09:00 exception: Failed to open "/home/user/.config/mpd/mpdstate": No such file or directory
2025-09-03T20:09:00 update: added /lucki-switchlanes.mp3
2025-09-03T20:09:00 update: added /lucki-findme.mp3
2025-09-03T20:09:00 update: added /lucki-pickaflaw.mp3
2025-09-03T20:09:00 update: added /lucki-itsbool.mp3
2025-09-03T20:09:00 update: added /lucki-newyork.mp3
2025-09-03T20:09:00 update: added /lucki-memyself&i.mp3
2025-09-03T20:09:00 update: added /lucki-hollywooddreamer.mp3
2025-09-03T20:09:00 update: added /lucki-outoflve.mp3
2025-09-03T20:09:00 update: added /lucki-letssee.mp3
2025-09-03T20:09:00 update: added /lucki-waitingon.mp3
2025-09-03T20:09:00 update: added /lucki-nowok.mp3
2025-09-03T20:09:00 update: added /lucki-bbygoat.mp3
2025-09-03T20:09:00 update: added /lucki-fastcar.mp3
2025-09-03T20:09:00 update: added /lucki-myway.mp3
2025-09-03T20:09:00 update: added /lucki-1way.mp3
2025-09-03T20:09:00 update: added /lucki-4everybody.mp3
2025-09-03T20:09:00 update: added /lucki-callingyou.mp3
2025-09-03T20:09:00 update: added /lucki-cupid.mp3
2025-09-03T20:09:00 update: added /lucki-dollaflip.mp3
2025-09-03T20:09:00 update: added /lucki-done.mp3
2025-09-03T20:09:00 update: added /lucki-donyouloveme.mp3
2025-09-03T20:09:00 update: added /lucki-doyouworry.mp3
2025-09-03T20:09:00 update: added /lucki-driveslow.mp3
2025-09-03T20:09:01 update: added /lucki-floorseats.mp3
2025-09-03T20:09:01 update: added /lucki-go2damoon.mp3
2025-09-03T20:09:01 update: added /lucki-goku.mp3
2025-09-03T20:09:01 update: added /lucki-higherthanpluto.mp3
2025-09-03T20:09:01 update: added /lucki-highoffyou.mp3
2025-09-03T20:09:01 update: added /lucki-hitme.mp3
2025-09-03T20:09:01 update: added /lucki-hush-skit.mp3
2025-09-03T20:09:01 update: added /lucki-invitation.mp3
2025-09-03T20:09:01 update: added /lucki-ittaketime.mp3
2025-09-03T20:09:01 update: added /lucki-lastyear.mp3
2025-09-03T20:09:01 update: added /lucki-losttime.mp3
2025-09-03T20:09:01 update: added /lucki-maybfanta.mp3
2025-09-03T20:09:01 update: added /lucki-moneycantbuy.mp3
2025-09-03T20:09:01 update: added /lucki-nascardashcar.mp3
2025-09-03T20:09:01 update: added /lucki-neededme.mp3
2025-09-03T20:09:01 update: added /lucki-nobap.mp3
2025-09-03T20:09:01 update: added /lucki-nojoke.mp3
2025-09-03T20:09:01 update: added /lucki-notcupid.mp3
2025-09-03T20:09:01 update: added /lucki-notrust.mp3
2025-09-03T20:09:01 update: added /lucki-onthelow.mp3
2025-09-03T20:09:01 update: added /lucki-orangeleatherseats.mp3
2025-09-03T20:09:01 update: added /lucki-outmybody.mp3
2025-09-03T20:09:01 update: added /lucki-pedel.mp3
2025-09-03T20:09:01 update: added /lucki-pinkroses.mp3
2025-09-03T20:09:01 update: added /lucki-pumpfakin.mp3
2025-09-03T20:09:01 update: added /lucki-rearview.mp3
2025-09-03T20:09:01 update: added /lucki-stab.mp3
2025-09-03T20:09:01 update: added /lucki-stupidhoes.mp3
2025-09-03T20:09:01 update: added /lucki-trustissues.mp3
2025-09-03T20:09:01 update: added /lucki-whenyoutalk.mp3
2025-09-03T20:09:01 update: added /yabi-goatthings.mp3
2025-09-03T20:09:01 update: added /yabi-weeeeee.mp3
2025-09-03T20:09:01 update: added /lucki-pradatune.mp3
2025-09-03T20:09:01 update: added /lucki-static.mp3
2025-09-03T20:09:01 update: added /lucki-atnight.mp3
2025-09-03T20:09:01 update: added /lucki-zeroto220.mp3
2025-09-03T20:09:01 update: added /lucki-16oz.mp3
2025-09-03T20:09:02 update: added /lucki-makeup.mp3
2025-09-03T20:09:02 update: added /lucki-amg.mp3
2025-09-03T20:09:02 update: added /lucki-caughtinit.mp3
2025-09-03T20:09:02 update: added /lucki-blueperc.mp3
[src/libmpg123/id3.c:INT123_parse_new_id3():1089] error: Whoa! ID3v2 frame claims to be larger than the whole rest of the tag.
2025-09-03T20:09:02 update: added /lucki-aliciakeys.mp3
2025-09-03T20:09:02 update: added /lucki-oneofone.mp3
2025-09-03T20:09:02 update: added /lucki-takemeback.mp3
2025-09-03T20:09:02 update: added /lucki-hittin4.mp3
2025-09-03T20:09:02 update: added /lucki-darklife.mp3
2025-09-03T20:09:02 update: added /lucki-foggydays.mp3
2025-09-03T20:09:02 update: added /lucki-dontgetcomfortable.mp3
2025-09-03T20:09:02 update: added /lucki-%.mp3
2025-09-03T20:09:02 update: added /lucki-deadwrong.mp3
2025-09-03T20:09:02 update: added /lucki-hurtme.mp3
2025-09-03T20:09:02 update: added /lucki-cantgolikethat.mp3
2025-09-03T20:09:02 update: added /lucki-gttoit.mp3
2025-09-03T20:09:02 update: added /lucki-nextyear.mp3
2025-09-03T20:09:02 update: added /lucki-overyou.mp3
2025-09-03T20:09:02 update: added /lucki-billbellamy.mp3
2025-09-03T20:09:02 update: added /lucki-teacher.mp3
2025-09-03T20:09:02 update: added /lucki-know me.mp3
2025-09-03T20:09:02 update: added /lucki-sixforty.mp3
2025-09-03T20:09:02 update: added /lucki-richjunkie.m4a
2025-09-03T20:09:02 update: added /lucki-0100days100nights.mp3
2025-09-03T20:09:02 update: added /lucki-roleplay.m4a
2025-09-03T20:09:02 update: added /lucki-serpent.m4a
2025-09-03T20:09:02 update: added /lucki-liveattheroxy.mp3
2025-09-03T20:09:02 update: added /lucki-samedrugs.mp3
2025-09-03T20:09:02 update: added /lucki-whoyoureallykidding.m4a
2025-09-03T20:09:02 update: added /lucki-world2me.mp3
2025-09-03T20:09:02 update: added /lucki-staywitme.mp3
2025-09-03T20:09:02 update: added /lucki-seethrough.mp3
2025-09-03T20:09:02 update: added /lucki-emptypockets.mp3
2025-09-03T20:09:02 update: added /lucki-havemyway.mp3
2025-09-03T20:09:02 update: added /lucki-play4keeps.mp3
2025-09-03T20:09:03 update: added /lucki-stoptheact.mp3
2025-09-03T20:09:03 update: added /lucki-noid.mp3
2025-09-03T20:09:03 update: added /lucki-callmewhenever.mp3
2025-09-03T20:09:03 update: added /lucki-karmatv.mp3
2025-09-03T20:09:03 update: added /lucki-whatisleft.mp3
2025-09-03T20:09:03 update: added /lucki-letmebe.mp3
2025-09-03T20:09:03 update: added /lucki-hitech.mp3
2025-09-03T20:09:03 update: added /lucki-lasttimementioning.mp3
2025-09-03T20:09:03 update: added /lucki-hustlermuzik.mp3
2025-09-03T20:09:03 update: added /lucki-whogotme.mp3
2025-09-03T20:09:03 update: added /lucki-psychotruck.mp3
2025-09-03T20:09:03 update: added /lucki-onpoint.mp3
2025-09-03T20:09:03 update: added /lucki-toofar.mp3
2025-09-03T20:09:03 update: added /lucki-neptune.mp3
2025-09-03T20:09:03 update: added /lucki-timers.mp3
2025-09-03T20:09:03 update: added /lucki-geekmonster.mp3
2025-09-03T20:09:03 update: added /lucki-leaveittome.mp3
2025-09-03T20:09:03 update: added /lucki-fakehoe.mp3
2025-09-03T20:09:03 update: added /lucki-overseas.mp3
2025-09-03T20:09:03 update: added /lucki-beans.mp3
2025-09-03T20:09:03 update: added /savv4x-savvvssavage.mp3
2025-09-03T20:09:03 update: added /savv4x-hahaha.mp3
2025-09-03T20:09:03 update: added /savv4x-reapersreap.mp3
2025-09-03T20:09:03 update: added /savv4x-lettertomypops.mp3
2025-09-03T20:09:03 update: added /savv4x-formymom.mp3
2025-09-03T20:09:03 update: added /bunnaBCF-toooffended.mp3
2025-09-03T20:09:03 update: added /bunnaBCF-onpoint.mp3
2025-09-03T20:09:03 update: added /bunnaBCF-hotono.mp3
2025-09-03T20:09:03 update: added /bunnaBCF-vixen.mp3
2025-09-03T20:09:03 update: added /bunnaBCF-whywhy.mp3
2025-09-03T20:09:03 update: added /bunnaBCF-unreleased.mp3
2025-09-03T20:09:03 update: added /bunnaBCF-mind.mp3
2025-09-03T20:09:03 update: added /bunnaBCF-drizzy.mp3
2025-09-03T20:09:03 update: added /savv4x-51deadopps.mp3
2025-09-03T20:09:03 update: added /savv4x-boysdontcry.mp3
2025-09-03T20:09:03 update: added /savv4x-shoot&drive.mp3
2025-09-03T20:09:03 update: added /bunnaBCF-purging.mp3
2025-09-03T20:09:03 update: added /bunnaBCF-gi4nnissnippet.mp3
2025-09-03T20:09:03 update: added /lucki-inmyeye.mp3
2025-09-03T20:09:03 update: added /lucki-justonenot2.mp3
2025-09-03T20:09:03 update: added /lucki-purecodeine.mp3
2025-09-03T20:09:03 update: added /yeat-juscamein.mp3
2025-09-03T20:09:03 update: added /lucki-whatstheword.mp3
2025-09-03T20:09:03 update: added /lucki-diddatshiiii.mp3
2025-09-03T20:09:04 update: added /bunnaBCF-ManDown.mp3
2025-09-03T20:09:04 update: added /bunnaBCF-NEWLEAKS.mp3
2025-09-03T20:09:04 update: added /bunnaBCF-Package.mp3
2025-09-03T20:09:04 update: added /bunnaBCF-RedPrint.mp3
2025-09-03T20:09:04 update: added /bunnaBCF-TOMCRUISE.mp3
2025-09-03T20:09:04 update: added /savv4x-letsplayagame.mp3
2025-09-03T20:09:04 update: added /savv4x-nopretend.mp3
2025-09-03T20:09:04 update: added /lucki-goharder.mp3
2025-09-03T20:09:04 update: added /lucki-bossbitch.mp3
2025-09-03T20:09:04 update: added /liljhola-twerk.mp3
2025-09-03T20:09:04 update: added /dq-backinblood.mp3
2025-09-03T20:09:04 update: added /dq-paranoiafreestyle.mp3
2025-09-03T20:09:04 update: added /ksbvndz-legman.mp3
2025-09-03T20:09:04 update: added /savv4x-organizedcrime.mp3
2025-09-03T20:09:04 update: added /savv4x-feellikeimhim.m4a.mp3
2025-09-03T20:09:04 update: added /100otd.mp3
2025-09-03T20:09:04 update: added /veeze.mp3
2025-09-03T20:09:04 update: added /blitz1901-wocky.mp3
2025-09-03T20:09:04 update: added /duvy-may17th.mp3
2025-09-03T20:09:04 update: added /mandown.mp3
2025-09-03T20:09:04 update: added /politics-lucki.mp3
2025-09-03T20:09:04 update: added /lucki-dialtone.mp3
2025-09-03T20:09:04 update: added /lucki-pressure.mp3
2025-09-03T20:09:04 update: added /beat-react.mp3
2025-09-03T20:09:04 update: added /gunna-typebeat.mp3
2025-09-03T20:09:53 exception: Stored playlists are disabled
2025-09-03T20:34:18 exception: Stored playlists are disabled
2025-09-03T20:34:53 player: played "savv4x-shoot&drive.mp3"
2025-09-03T20:48:21 exception: Stored playlists are disabled
2025-09-03T20:49:12 player: played "lucki-hitech.mp3"
2025-09-03T20:49:13 exception: Not playing
2025-09-03T20:49:13 exception: Not playing
2025-09-03T20:49:13 exception: Not playing
2025-09-03T20:54:26 exception: Stored playlists are disabled
2025-09-03T20:59:14 exception: Stored playlists are disabled
2025-09-03T21:08:54 exception: Stored playlists are disabled
2025-09-03T21:12:51 update: added /Lil Uzi Vert - XO Tour Llif3 (Official Lyric Video) [VcyFfcJbyeM].webm
Warning: Xing stream size off by more than 1%, fuzzy seeking may be even more fuzzy than by design!
2025-09-03T21:12:51 update: added /Lil Uzi Vert - XO Tour Llif3 (Official Lyric Video) [VcyFfcJbyeM].mp3
2025-09-03T21:13:00 update: updating /Lil Uzi Vert - XO Tour Llif3 (Official Lyric Video) [VcyFfcJbyeM].mp3
2025-09-03T21:13:00 update: removing Lil Uzi Vert - XO Tour Llif3 (Official Lyric Video) [VcyFfcJbyeM].webm
2025-09-03T21:18:56 update: added /xotourlife.mp3
2025-09-03T21:18:56 update: removing Lil Uzi Vert - XO Tour Llif3 (Official Lyric Video) [VcyFfcJbyeM].mp3
2025-09-03T21:19:18 exception: Stored playlists are disabled
2025-09-03T21:21:26 player: played "lucki-letmebe.mp3"
2025-09-03T21:35:49 player: played "lucki-samedrugs.mp3"
2025-09-03T21:54:32 player: played "dq-backinblood.mp3"
